<?xml version="1.0" encoding="UTF-8"?>
<!-- Generated by org.testng.reporters.JUnitXMLReporter -->
<testsuite hostname="MTYTM15492YLR" name="ChromeTest" tests="3" failures="0" timestamp="9 Jul 2016 18:22:41 GMT" time="85.568" errors="0">
  <testcase name="loginTest" time="12.551" classname="comfrontEndappTestOps.TestOps_Jenkins"/>
  <testcase name="listofUsers" time="58.435" classname="comfrontEndappTestOps.TestOps_Jenkins"/>
  <testcase name="logOut" time="0.858" classname="comfrontEndappTestOps.TestOps_Jenkins"/>
</testsuite> <!-- ChromeTest -->
