<?xml version="1.0" encoding="UTF-8"?>
<testng-results skipped="0" failed="0" total="3" passed="3">
  <reporter-output>
  </reporter-output>
  <suite name="Suite" duration-ms="85568" started-at="2016-07-09T18:21:16Z" finished-at="2016-07-09T18:22:41Z">
    <groups>
    </groups>
    <test name="ChromeTest" duration-ms="85568" started-at="2016-07-09T18:21:16Z" finished-at="2016-07-09T18:22:41Z">
      <class name="comfrontEndappTestOps.TestOps_Jenkins">
        <test-method status="PASS" signature="setBrowser(java.lang.String)[pri:0, instance:comfrontEndappTestOps.TestOps_Jenkins@2a2d45ba]" name="setBrowser" is-config="true" duration-ms="13566" started-at="2016-07-09T13:21:16Z" finished-at="2016-07-09T13:21:29Z">
          <params>
            <param index="0">
              <value>
                <![CDATA[Chrome]]>
              </value>
            </param>
          </params>
          <reporter-output>
          </reporter-output>
        </test-method> <!-- setBrowser -->
        <test-method status="PASS" signature="loginTest()[pri:1, instance:comfrontEndappTestOps.TestOps_Jenkins@2a2d45ba]" name="loginTest" duration-ms="12551" started-at="2016-07-09T13:21:29Z" finished-at="2016-07-09T13:21:42Z">
          <reporter-output>
          </reporter-output>
        </test-method> <!-- loginTest -->
        <test-method status="PASS" signature="listofUsers()[pri:3, instance:comfrontEndappTestOps.TestOps_Jenkins@2a2d45ba]" name="listofUsers" duration-ms="58435" started-at="2016-07-09T13:21:42Z" finished-at="2016-07-09T13:22:40Z">
          <reporter-output>
          </reporter-output>
        </test-method> <!-- listofUsers -->
        <test-method status="PASS" signature="logOut()[pri:5, instance:comfrontEndappTestOps.TestOps_Jenkins@2a2d45ba]" name="logOut" duration-ms="858" started-at="2016-07-09T13:22:40Z" finished-at="2016-07-09T13:22:41Z">
          <reporter-output>
          </reporter-output>
        </test-method> <!-- logOut -->
      </class> <!-- comfrontEndappTestOps.TestOps_Jenkins -->
    </test> <!-- ChromeTest -->
  </suite> <!-- Suite -->
</testng-results>
